SF:lib\l10n\app_localizations.dart
DA:63,9
DA:67,2
DA:68,2
DA:260,3
DA:262,3
DA:264,6
DA:267,3
DA:268,9
DA:270,0
DA:274,3
DA:278,3
DA:279,6
DA:280,0
DA:283,0
LF:14
LH:11
end_of_record
SF:lib\l10n\app_localizations_en.dart
DA:5,6
DA:7,0
DA:10,2
DA:13,1
DA:16,1
DA:19,1
DA:22,1
DA:25,1
DA:28,1
DA:31,1
DA:34,1
DA:37,1
DA:40,1
DA:43,1
DA:46,0
DA:49,0
DA:52,0
DA:55,0
DA:58,0
DA:61,0
DA:64,0
DA:67,0
DA:70,0
DA:73,0
DA:76,0
DA:79,0
DA:82,2
DA:85,2
LF:28
LH:15
end_of_record
SF:lib\l10n\app_localizations_pt.dart
DA:5,0
DA:7,0
DA:10,0
DA:13,0
DA:16,0
DA:19,0
DA:22,0
DA:25,0
DA:28,0
DA:31,0
DA:34,0
DA:37,0
DA:40,0
DA:43,0
DA:46,0
DA:49,0
DA:52,0
DA:55,0
DA:58,0
DA:61,0
DA:64,0
DA:67,0
DA:70,0
DA:73,0
DA:76,0
DA:79,0
DA:82,0
DA:85,0
LF:28
LH:0
end_of_record
SF:lib\shared\controllers\page_provider.dart
DA:3,4
LF:1
LH:1
end_of_record
SF:lib\shared\widgets\bottom_navigation_bar_app.dart
DA:8,1
DA:10,0
DA:12,1
DA:14,3
DA:15,1
DA:17,1
DA:18,1
DA:19,0
DA:21,0
DA:22,0
DA:24,0
DA:25,0
DA:28,0
DA:36,1
DA:37,1
DA:38,1
DA:39,2
DA:41,1
DA:42,1
DA:43,2
DA:46,1
DA:47,1
DA:48,2
DA:50,1
DA:51,1
DA:52,2
LF:26
LH:19
end_of_record
SF:lib\domain\entities\crypto_entity.dart
DA:10,2
LF:1
LH:1
end_of_record
SF:lib\domain\entities\wallet_crypto_entity.dart
DA:9,2
DA:14,2
DA:15,10
DA:16,4
DA:19,0
DA:20,0
LF:6
LH:4
end_of_record
SF:lib\presenter\pages\crypto_info\crypto_info_args.dart
DA:5,1
LF:1
LH:1
end_of_record
SF:lib\presenter\pages\crypto_info\crypto_info_page.dart
DA:10,2
DA:13,1
DA:15,1
DA:16,1
DA:18,1
DA:19,2
DA:34,1
DA:35,1
LF:8
LH:8
end_of_record
SF:lib\presenter\pages\crypto_info\widgets\body_info_page.dart
DA:17,1
DA:20,1
DA:24,1
DA:26,1
DA:27,2
DA:28,2
DA:29,2
DA:31,1
DA:32,1
DA:34,1
DA:35,1
DA:36,1
DA:37,1
DA:43,2
DA:46,1
DA:47,1
DA:48,1
DA:49,2
DA:50,1
DA:51,1
DA:52,1
DA:58,1
DA:59,1
DA:60,1
DA:61,1
DA:62,1
DA:65,1
DA:66,1
DA:68,7
DA:72,1
DA:73,1
DA:74,1
DA:75,2
DA:76,1
DA:77,2
DA:80,1
LF:36
LH:36
end_of_record
SF:lib\presenter\pages\crypto_info\widgets\button_convert_currency.dart
DA:8,1
DA:11,1
DA:15,1
DA:17,1
DA:19,1
DA:21,0
DA:22,0
DA:25,0
DA:26,0
DA:33,2
DA:34,1
DA:35,2
LF:12
LH:8
end_of_record
SF:lib\presenter\pages\crypto_info\widgets\buttons_change_days_chart.dart
DA:7,3
DA:9,0
DA:11,1
DA:13,1
DA:15,3
DA:17,1
DA:19,1
DA:20,1
DA:21,1
DA:22,0
DA:23,0
DA:25,1
DA:31,1
DA:32,2
DA:33,1
DA:35,1
DA:38,1
DA:39,2
DA:40,1
DA:42,2
LF:20
LH:17
end_of_record
SF:lib\presenter\pages\crypto_info\widgets\crypto_info_chart.dart
DA:21,2
DA:26,0
DA:27,0
DA:28,0
DA:29,0
DA:30,0
DA:31,0
DA:33,0
DA:34,0
DA:41,1
DA:44,7
DA:45,3
DA:46,3
DA:48,1
DA:49,3
DA:51,1
DA:52,0
DA:53,0
DA:54,0
DA:56,0
DA:58,0
DA:59,0
DA:60,0
DA:68,0
DA:70,0
DA:71,0
DA:72,0
DA:73,0
DA:74,0
DA:75,0
DA:76,0
DA:77,0
DA:80,0
DA:81,0
DA:83,0
DA:84,0
DA:88,0
DA:89,0
DA:90,0
DA:93,0
DA:94,0
DA:95,0
DA:96,0
DA:99,0
DA:101,0
DA:102,0
DA:103,0
DA:110,0
DA:112,0
DA:113,0
DA:115,0
DA:116,0
DA:117,0
DA:118,0
DA:119,0
DA:120,0
DA:121,0
DA:122,0
DA:125,0
DA:126,0
DA:127,0
DA:128,0
DA:142,0
DA:143,0
DA:144,0
DA:147,0
DA:152,0
DA:154,0
DA:156,0
DA:162,0
DA:166,0
DA:167,0
DA:171,0
DA:172,0
DA:177,0
DA:187,2
DA:188,0
DA:189,0
DA:192,2
DA:193,1
DA:194,1
DA:196,1
DA:197,1
DA:199,1
LF:84
LH:15
end_of_record
SF:lib\presenter\pages\crypto_info\widgets\divider_crypto_info.dart
DA:4,2
DA:6,0
DA:8,1
LF:3
LH:2
end_of_record
SF:lib\presenter\pages\crypto_info\widgets\row_crypto_infos.dart
DA:6,1
DA:9,1
DA:13,1
DA:15,1
DA:21,1
DA:23,1
DA:24,1
DA:26,1
DA:27,1
DA:28,3
DA:34,1
DA:35,4
DA:43,1
DA:45,1
DA:46,3
DA:47,1
LF:16
LH:16
end_of_record
SF:lib\presenter\pages\crypto_info\widgets\row_crypto_monetary_info.dart
DA:6,2
DA:11,1
DA:17,1
DA:19,2
DA:20,1
DA:22,1
DA:24,1
DA:25,1
DA:26,1
DA:32,1
DA:33,1
DA:34,4
DA:36,1
DA:37,1
DA:38,1
DA:42,1
DA:43,1
DA:44,1
DA:46,1
LF:19
LH:19
end_of_record
SF:lib\presenter\pages\crypto_info\widgets\title_crypto_price.dart
DA:12,3
DA:14,0
DA:16,1
DA:18,3
DA:19,2
DA:21,1
DA:23,1
DA:24,1
DA:25,1
DA:26,1
DA:27,4
DA:29,1
DA:30,1
DA:31,1
DA:35,1
DA:36,1
DA:37,2
DA:38,3
DA:39,1
DA:40,1
DA:41,2
LF:21
LH:20
end_of_record
SF:lib\shared\widgets\default_error_page.dart
DA:5,2
DA:8,2
DA:12,2
DA:14,2
DA:15,2
DA:16,2
DA:17,2
DA:18,4
DA:29,2
DA:30,2
DA:32,2
DA:33,4
LF:12
LH:12
end_of_record
SF:lib\data\enpoint\endpoints\get_crypto_history_remote_endpoint_imp.dart
DA:9,1
DA:11,1
DA:13,2
DA:14,2
DA:15,1
LF:5
LH:5
end_of_record
SF:lib\data\repository\get_crypto_history_repository_imp.dart
DA:7,1
DA:9,1
DA:11,2
DA:12,0
LF:4
LH:3
end_of_record
SF:lib\data\responses\get_crypto_history_response.dart
DA:11,0
DA:13,0
DA:14,0
DA:16,0
LF:4
LH:0
end_of_record
SF:lib\data\responses\get_crypto_history_response.g.dart
DA:9,0
DA:11,0
DA:12,0
DA:13,0
DA:14,0
DA:17,0
DA:19,0
DA:20,0
LF:8
LH:0
end_of_record
SF:lib\data\responses\crypto_history_response.dart
DA:10,0
DA:15,0
DA:16,0
DA:18,0
LF:4
LH:0
end_of_record
SF:lib\data\responses\crypto_history_response.g.dart
DA:9,0
DA:10,0
DA:11,0
DA:12,0
DA:15,0
DA:17,0
DA:18,0
DA:19,0
LF:8
LH:0
end_of_record
SF:lib\data\responses\mappers\crypto_histotry_mapper.dart
DA:6,0
DA:7,0
DA:8,0
DA:9,0
DA:10,0
LF:5
LH:0
end_of_record
SF:lib\domain\entities\crypto_history_entity.dart
DA:7,0
LF:1
LH:0
end_of_record
SF:lib\domain\usecases\get_crypto_history\get_crypto_history_usecase_imp.dart
DA:8,1
DA:10,1
DA:12,2
DA:13,0
LF:4
LH:3
end_of_record
SF:lib\presenter\controllers\chart_days_amount\chart_days_amount_provider.dart
DA:3,4
LF:1
LH:1
end_of_record
SF:lib\presenter\controllers\chart_subtitles\price_in_chart_provider.dart
DA:4,5
LF:1
LH:1
end_of_record
SF:lib\presenter\controllers\chart_subtitles\variation_in_chart_provider.dart
DA:3,4
LF:1
LH:1
end_of_record
SF:lib\presenter\controllers\crypto_history\crypto_history_provider.dart
DA:10,3
DA:11,1
DA:12,1
DA:13,2
DA:14,2
DA:19,3
DA:20,1
DA:21,1
DA:22,2
DA:26,3
DA:27,1
DA:28,1
DA:29,2
DA:33,2
DA:34,3
DA:35,3
LF:16
LH:16
end_of_record
SF:lib\shared\controllers\coingecko_baseurl_provider.dart
DA:3,6
DA:4,2
LF:2
LH:2
end_of_record
SF:lib\shared\controllers\dio_provider.dart
DA:4,10
LF:1
LH:1
end_of_record
SF:lib\presenter\pages\convert_ currency\convert_currency_args.dart
DA:6,0
LF:1
LH:0
end_of_record
SF:lib\shared\widgets\button_change_visibility.dart
DA:7,4
DA:9,0
DA:11,2
DA:13,6
DA:14,2
DA:15,3
DA:16,2
LF:7
LH:6
end_of_record
SF:lib\shared\controllers\visibility_provider.dart
DA:3,8
LF:1
LH:1
end_of_record
SF:lib\presenter\pages\portfolio\portfolio_page.dart
DA:7,1
DA:9,1
LF:2
LH:2
end_of_record
SF:lib\presenter\pages\portfolio\widgets\body_portifolio_page.dart
DA:7,2
DA:9,0
DA:11,1
DA:13,1
DA:14,1
DA:16,1
LF:6
LH:5
end_of_record
SF:lib\presenter\pages\portfolio\widgets\crypto_infos_in_tile.dart
DA:6,1
DA:9,1
DA:13,1
DA:15,1
DA:16,1
DA:17,1
DA:19,5
DA:22,1
DA:24,1
DA:26,1
DA:27,1
DA:28,4
DA:34,1
DA:35,3
DA:36,1
DA:38,1
LF:16
LH:16
end_of_record
SF:lib\presenter\pages\portfolio\widgets\list_tile_crypto.dart
DA:11,1
DA:14,1
DA:18,1
DA:20,1
DA:21,0
DA:22,0
DA:23,0
DA:24,0
DA:27,0
DA:30,1
DA:32,1
DA:34,1
DA:35,2
DA:36,2
LF:14
LH:9
end_of_record
SF:lib\presenter\pages\portfolio\widgets\list_view_cryptos.dart
DA:13,2
DA:15,0
DA:17,1
DA:19,1
DA:20,4
DA:22,1
DA:23,0
DA:27,0
DA:28,0
DA:33,0
DA:34,0
DA:35,0
DA:38,2
DA:39,0
DA:40,0
DA:42,1
LF:16
LH:7
end_of_record
SF:lib\presenter\pages\portfolio\widgets\loading_list_view_crypto.dart
DA:5,1
DA:7,0
DA:9,1
DA:11,1
DA:15,1
DA:20,1
DA:21,1
DA:23,1
DA:25,1
DA:26,1
DA:27,1
DA:28,1
DA:29,1
DA:30,1
DA:36,1
DA:38,1
DA:40,1
DA:41,1
DA:42,1
DA:43,1
DA:44,1
DA:45,1
DA:47,1
DA:50,4
DA:54,1
DA:55,1
DA:56,1
DA:57,1
DA:58,1
DA:60,1
DA:63,4
DA:71,1
DA:72,1
DA:73,1
DA:75,1
DA:76,1
DA:77,1
DA:78,1
DA:79,1
DA:80,1
DA:82,1
DA:85,4
DA:89,1
DA:90,1
DA:91,1
DA:92,1
DA:93,1
DA:95,1
DA:98,4
LF:49
LH:48
end_of_record
SF:lib\presenter\pages\portfolio\widgets\monetary_infos_crypto_in_tile.dart
DA:11,1
DA:14,1
DA:18,1
DA:20,2
DA:22,1
DA:23,1
DA:24,1
DA:26,1
DA:27,1
DA:29,1
DA:30,4
DA:32,1
DA:33,1
DA:34,1
DA:37,1
DA:38,1
DA:39,2
DA:40,1
DA:41,3
DA:49,1
DA:51,1
DA:52,4
DA:54,1
DA:55,1
DA:56,1
DA:59,1
DA:60,2
DA:61,3
DA:62,5
DA:63,1
DA:65,1
LF:31
LH:31
end_of_record
SF:lib\presenter\pages\portfolio\widgets\top_portfolio_page.dart
DA:8,2
DA:10,0
DA:12,1
DA:14,1
DA:15,1
DA:17,1
DA:19,1
DA:20,1
DA:22,1
DA:24,1
DA:25,1
DA:26,1
DA:39,1
DA:40,1
DA:41,1
DA:42,1
LF:16
LH:15
end_of_record
SF:lib\presenter\pages\portfolio\widgets\total_wallet_value.dart
DA:11,1
DA:13,0
DA:15,1
DA:17,1
DA:18,4
DA:19,2
DA:21,1
DA:23,1
DA:24,4
DA:26,1
DA:27,1
DA:28,1
DA:31,1
DA:32,0
DA:33,0
DA:34,0
DA:35,0
DA:37,0
DA:38,0
DA:46,2
DA:47,2
DA:48,1
DA:49,1
DA:50,1
DA:51,1
DA:53,1
DA:56,4
LF:27
LH:20
end_of_record
SF:lib\data\enpoint\endpoints\get_all_cryptos_remote_endpoint_imp.dart
DA:8,1
DA:10,1
DA:12,2
DA:13,2
DA:14,1
LF:5
LH:5
end_of_record
SF:lib\data\repository\get_all_cryptos_repository_imp.dart
DA:8,1
DA:10,1
DA:12,2
DA:13,0
DA:14,0
DA:15,0
LF:6
LH:3
end_of_record
SF:lib\data\responses\crypto_response.dart
DA:14,0
DA:22,0
DA:23,0
DA:25,0
LF:4
LH:0
end_of_record
SF:lib\data\responses\crypto_response.g.dart
DA:9,0
DA:10,0
DA:11,0
DA:12,0
DA:13,0
DA:14,0
DA:15,0
DA:18,0
DA:19,0
DA:20,0
DA:21,0
DA:22,0
DA:23,0
DA:24,0
LF:14
LH:0
end_of_record
SF:lib\data\responses\get_all_crypto_response.dart
DA:10,0
DA:12,0
DA:13,0
DA:15,0
LF:4
LH:0
end_of_record
SF:lib\data\responses\get_all_crypto_response.g.dart
DA:9,0
DA:11,0
DA:12,0
DA:13,0
DA:14,0
DA:17,0
DA:19,0
DA:20,0
LF:8
LH:0
end_of_record
SF:lib\data\responses\mappers\crypto_entity_mapper.dart
DA:10,0
DA:11,0
DA:12,0
DA:13,0
DA:14,0
DA:15,0
DA:16,0
DA:17,0
DA:18,0
DA:19,0
DA:20,0
DA:21,0
LF:12
LH:0
end_of_record
SF:lib\domain\entities\wallet_entity.dart
DA:8,0
DA:10,0
DA:11,0
DA:12,0
DA:13,0
DA:18,0
DA:19,0
DA:20,0
DA:21,0
DA:27,0
DA:28,0
DA:29,0
DA:30,0
DA:31,0
LF:14
LH:0
end_of_record
SF:lib\domain\usecases\get_all_cryptos_usecase\get_all_cryptos_usecase_imp.dart
DA:9,1
DA:10,1
DA:12,2
DA:13,0
LF:4
LH:3
end_of_record
SF:lib\presenter\controllers\cryptos\cryptos_provider.dart
DA:10,4
DA:11,1
DA:12,2
DA:13,2
DA:17,4
DA:18,3
DA:21,4
DA:22,3
DA:25,2
DA:26,3
DA:27,3
LF:11
LH:11
end_of_record
SF:lib\presenter\pages\portfolio\widgets\icon_arrow_right.dart
DA:4,1
DA:6,0
DA:8,1
DA:10,1
DA:13,1
LF:5
LH:4
end_of_record
