SF:lib\domain\entities\conversion_entity.dart
DA:9,3
LF:1
LH:1
end_of_record
SF:lib\domain\entities\crypto_entity.dart
DA:10,6
LF:1
LH:1
end_of_record
SF:lib\domain\entities\wallet_crypto_entity.dart
DA:9,4
DA:14,3
DA:15,15
DA:16,6
DA:19,0
DA:20,0
LF:6
LH:4
end_of_record
SF:lib\presenter\pages\conversion_review\conversion_review_args.dart
DA:6,2
LF:1
LH:1
end_of_record
SF:lib\presenter\pages\convert_ currency\convert_currency_args.dart
DA:6,2
LF:1
LH:1
end_of_record
SF:lib\presenter\pages\crypto_info\crypto_info_args.dart
DA:5,2
LF:1
LH:1
end_of_record
SF:lib\l10n\app_localizations.dart
DA:63,27
DA:67,9
DA:68,9
DA:260,9
DA:262,9
DA:264,18
DA:267,9
DA:268,27
DA:270,0
DA:274,9
DA:278,9
DA:279,17
DA:280,2
DA:283,0
LF:14
LH:12
end_of_record
SF:lib\presenter\controllers\crypto_history\crypto_history_provider.dart
DA:10,0
DA:11,0
DA:12,0
DA:13,0
DA:14,0
DA:19,0
DA:20,0
DA:21,0
DA:22,0
DA:26,0
DA:27,0
DA:28,0
DA:29,0
DA:33,18
DA:34,18
DA:35,0
LF:16
LH:2
end_of_record
SF:lib\presenter\controllers\cryptos\cryptos_provider.dart
DA:10,0
DA:11,0
DA:12,0
DA:13,0
DA:17,0
DA:18,0
DA:21,0
DA:22,0
DA:25,18
DA:26,18
DA:27,0
LF:11
LH:2
end_of_record
SF:lib\shared\utils\app_routes.dart
DA:14,5
DA:15,10
DA:16,1
DA:17,1
DA:21,10
DA:22,1
DA:23,1
DA:28,8
DA:29,1
DA:30,1
DA:31,1
DA:32,1
DA:35,6
DA:36,1
DA:37,1
DA:38,1
DA:39,1
DA:42,4
DA:43,1
DA:44,1
DA:45,1
DA:46,1
DA:49,2
DA:50,1
DA:51,1
LF:25
LH:25
end_of_record
SF:lib\domain\entities\crypto_history_entity.dart
DA:7,2
LF:1
LH:1
end_of_record
SF:lib\domain\entities\wallet_entity.dart
DA:9,4
DA:11,2
DA:12,2
DA:13,4
DA:14,4
DA:19,0
DA:20,0
DA:21,0
DA:22,0
DA:23,0
LF:10
LH:5
end_of_record
SF:lib\data\enpoint\endpoints\get_all_cryptos_remote_endpoint_imp.dart
DA:8,0
DA:10,0
DA:12,0
DA:13,0
DA:14,0
LF:5
LH:0
end_of_record
SF:lib\data\enpoint\endpoints\get_crypto_history_remote_endpoint_imp.dart
DA:9,0
DA:11,0
DA:13,0
DA:14,0
DA:15,0
LF:5
LH:0
end_of_record
SF:lib\data\repository\get_all_cryptos_repository_imp.dart
DA:8,0
DA:10,0
DA:12,0
DA:13,0
DA:14,0
DA:15,0
LF:6
LH:0
end_of_record
SF:lib\data\responses\crypto_response.dart
DA:14,0
DA:22,0
DA:23,0
DA:25,0
LF:4
LH:0
end_of_record
SF:lib\data\responses\crypto_response.g.dart
DA:9,0
DA:10,0
DA:11,0
DA:12,0
DA:13,0
DA:14,0
DA:15,0
DA:18,0
DA:19,0
DA:20,0
DA:21,0
DA:22,0
DA:23,0
DA:24,0
LF:14
LH:0
end_of_record
SF:lib\data\responses\get_all_crypto_response.dart
DA:10,0
DA:12,0
DA:13,0
DA:15,0
LF:4
LH:0
end_of_record
SF:lib\data\responses\get_all_crypto_response.g.dart
DA:9,0
DA:11,0
DA:12,0
DA:13,0
DA:14,0
DA:17,0
DA:19,0
DA:20,0
LF:8
LH:0
end_of_record
SF:lib\data\repository\get_crypto_history_repository_imp.dart
DA:7,0
DA:9,0
DA:11,0
DA:12,0
LF:4
LH:0
end_of_record
SF:lib\data\responses\get_crypto_history_response.dart
DA:11,0
DA:13,0
DA:14,0
DA:16,0
LF:4
LH:0
end_of_record
SF:lib\data\responses\get_crypto_history_response.g.dart
DA:9,0
DA:11,0
DA:12,0
DA:13,0
DA:14,0
DA:17,0
DA:19,0
DA:20,0
LF:8
LH:0
end_of_record
SF:lib\data\responses\crypto_history_response.dart
DA:10,0
DA:15,0
DA:16,0
DA:18,0
LF:4
LH:0
end_of_record
SF:lib\data\responses\crypto_history_response.g.dart
DA:9,0
DA:10,0
DA:11,0
DA:12,0
DA:15,0
DA:17,0
DA:18,0
DA:19,0
LF:8
LH:0
end_of_record
SF:lib\data\responses\mappers\crypto_entity_mapper.dart
DA:10,0
DA:11,0
DA:12,0
DA:13,0
DA:14,0
DA:15,0
DA:16,0
DA:17,0
DA:18,0
DA:19,0
DA:20,0
DA:21,0
LF:12
LH:0
end_of_record
SF:lib\data\responses\mappers\crypto_histotry_mapper.dart
DA:6,0
DA:7,0
DA:8,0
DA:9,0
DA:10,0
LF:5
LH:0
end_of_record
SF:lib\domain\usecases\get_all_cryptos_usecase\get_all_cryptos_usecase_imp.dart
DA:9,0
DA:10,0
DA:12,0
DA:13,0
LF:4
LH:0
end_of_record
SF:lib\domain\usecases\get_crypto_history\get_crypto_history_usecase_imp.dart
DA:8,0
DA:10,0
DA:12,0
DA:13,0
LF:4
LH:0
end_of_record
SF:lib\l10n\app_localizations_en.dart
DA:5,16
DA:7,1
DA:10,5
DA:13,5
DA:16,4
DA:19,4
DA:22,3
DA:25,3
DA:28,1
DA:31,3
DA:34,3
DA:37,3
DA:40,3
DA:43,3
DA:46,3
DA:49,3
DA:52,3
DA:55,2
DA:58,3
DA:61,3
DA:64,3
DA:67,1
DA:70,1
DA:73,3
DA:76,3
DA:79,3
DA:82,1
DA:85,1
LF:28
LH:28
end_of_record
SF:lib\l10n\app_localizations_pt.dart
DA:5,2
DA:7,1
DA:10,1
DA:13,1
DA:16,1
DA:19,1
DA:22,1
DA:25,1
DA:28,1
DA:31,1
DA:34,1
DA:37,1
DA:40,1
DA:43,1
DA:46,1
DA:49,1
DA:52,1
DA:55,1
DA:58,1
DA:61,1
DA:64,1
DA:67,1
DA:70,1
DA:73,1
DA:76,1
DA:79,1
DA:82,1
DA:85,1
LF:28
LH:28
end_of_record
SF:lib\presenter\controllers\chart_days_amount\chart_days_amount_provider.dart
DA:3,8
LF:1
LH:1
end_of_record
SF:lib\presenter\controllers\chart_subtitles\price_in_chart_provider.dart
DA:4,10
LF:1
LH:1
end_of_record
SF:lib\presenter\controllers\chart_subtitles\variation_in_chart_provider.dart
DA:3,8
LF:1
LH:1
end_of_record
SF:lib\presenter\controllers\convertion_validation\convert_validation_notifier.dart
DA:5,4
DA:7,1
DA:12,2
DA:13,2
DA:15,5
DA:16,1
DA:19,1
DA:21,1
DA:25,0
DA:26,0
LF:10
LH:8
end_of_record
SF:lib\presenter\controllers\convertion_validation\convert_validation_provider.dart
DA:5,4
DA:6,2
DA:7,4
LF:3
LH:3
end_of_record
SF:lib\shared\controllers\coingecko_baseurl_provider.dart
DA:3,0
DA:4,0
LF:2
LH:0
end_of_record
SF:lib\shared\controllers\dio_provider.dart
DA:4,0
LF:1
LH:0
end_of_record
SF:lib\presenter\controllers\currency_convert\convert_quantity_provider.dart
DA:3,8
LF:1
LH:1
end_of_record
SF:lib\presenter\controllers\currency_convert\converted_currency.dart
DA:6,6
DA:7,2
DA:8,2
DA:9,2
DA:11,2
LF:5
LH:5
end_of_record
SF:lib\presenter\controllers\currency_convert\to_convert_currency.dart
DA:7,6
DA:8,2
DA:9,2
DA:10,2
DA:15,2
LF:5
LH:5
end_of_record
SF:lib\presenter\controllers\transactions\all_transactions_provider.dart
DA:5,8
DA:6,12
LF:2
LH:2
end_of_record
SF:lib\presenter\pages\conversion_confirmation\conversion_confirmation_page.dart
DA:6,10
DA:10,2
DA:12,2
DA:13,2
DA:16,2
DA:17,0
DA:18,0
LF:7
LH:5
end_of_record
SF:lib\presenter\pages\conversion_confirmation\widgets\conversion_confirmation_body.dart
DA:7,9
DA:13,2
DA:15,2
DA:16,2
DA:17,2
DA:19,2
DA:21,2
DA:23,2
DA:24,2
DA:31,2
DA:32,2
LF:11
LH:11
end_of_record
SF:lib\presenter\pages\conversion_confirmation\widgets\animated_checkmark_widget.dart
DA:4,9
DA:6,2
DA:8,2
DA:16,2
DA:18,2
DA:20,4
DA:26,4
DA:29,4
DA:30,4
DA:31,4
DA:33,4
DA:36,2
DA:37,4
DA:40,4
DA:41,4
DA:42,4
DA:44,2
DA:47,2
DA:49,2
DA:50,8
DA:51,2
DA:52,2
DA:53,4
DA:55,2
DA:58,4
DA:65,2
DA:67,4
DA:68,2
LF:28
LH:28
end_of_record
SF:lib\presenter\pages\conversion_review\conversion_review_page.dart
DA:9,2
DA:12,2
DA:17,2
DA:19,2
DA:24,4
LF:5
LH:5
end_of_record
SF:lib\shared\widgets\app_bar_app.dart
DA:6,27
DA:17,4
DA:19,4
DA:21,4
DA:22,4
DA:28,4
DA:29,2
DA:35,3
DA:41,4
LF:9
LH:9
end_of_record
SF:lib\presenter\pages\conversion_review\widgets\conversion_review_body.dart
DA:10,2
DA:13,2
DA:17,2
DA:19,2
DA:20,6
DA:21,6
DA:23,10
DA:24,2
DA:25,2
DA:26,10
DA:27,4
DA:28,4
DA:29,4
DA:30,10
DA:32,2
DA:33,2
DA:34,2
DA:36,2
DA:37,2
DA:45,2
DA:46,2
DA:48,2
DA:49,2
DA:51,16
DA:54,2
DA:56,2
DA:59,8
DA:61,6
LF:28
LH:28
end_of_record
SF:lib\presenter\pages\conversion_review\widgets\button_confirm_conversion.dart
DA:10,2
DA:13,2
DA:17,2
DA:19,6
DA:20,2
DA:22,2
DA:23,1
DA:24,1
DA:25,3
DA:28,2
DA:29,2
DA:36,2
DA:37,4
LF:13
LH:13
end_of_record
SF:lib\presenter\pages\conversion_review\widgets\row_info_conversion.dart
DA:4,3
DA:8,2
DA:13,2
DA:15,2
DA:17,2
DA:19,2
DA:20,2
DA:21,2
DA:27,2
DA:28,2
LF:10
LH:10
end_of_record
SF:lib\shared\widgets\divider_crypto_info.dart
DA:4,18
DA:10,4
LF:2
LH:2
end_of_record
SF:lib\presenter\pages\convert_ currency\convert_currency_page.dart
DA:9,4
DA:14,2
DA:16,2
DA:22,2
DA:23,4
LF:5
LH:5
end_of_record
SF:lib\presenter\pages\convert_ currency\widgets\body_convert_currency.dart
DA:16,2
DA:19,2
DA:23,2
DA:25,2
DA:30,2
DA:32,10
DA:33,4
DA:34,2
DA:37,2
DA:39,4
DA:40,8
DA:42,2
DA:43,2
DA:44,2
DA:45,2
DA:46,2
DA:49,2
DA:50,2
DA:52,2
DA:58,0
DA:59,0
DA:60,0
DA:62,4
LF:23
LH:20
end_of_record
SF:lib\presenter\pages\convert_ currency\widgets\bottom_sheet_amout_to_convert.dart
DA:18,9
DA:24,2
DA:26,2
DA:27,10
DA:28,6
DA:30,2
DA:31,2
DA:33,4
DA:36,2
DA:38,4
DA:39,4
DA:40,4
DA:41,4
DA:43,2
DA:55,2
DA:57,2
DA:58,2
DA:61,2
DA:62,2
DA:63,4
DA:69,2
DA:70,6
DA:71,2
DA:72,2
DA:75,2
DA:76,8
DA:85,2
DA:87,2
DA:88,1
DA:89,1
DA:92,1
DA:93,1
DA:94,1
DA:95,1
DA:97,1
DA:106,2
DA:107,4
LF:37
LH:37
end_of_record
SF:lib\shared\widgets\default_error_page.dart
DA:5,0
DA:8,0
DA:12,0
DA:14,0
DA:15,0
DA:16,0
DA:17,0
DA:18,0
DA:29,0
DA:30,0
DA:32,0
DA:33,0
LF:12
LH:0
end_of_record
SF:lib\presenter\pages\convert_ currency\widgets\column_text_field_quantity.dart
DA:15,2
DA:17,2
DA:19,2
DA:20,2
DA:21,4
DA:22,2
DA:23,6
DA:25,2
DA:30,2
DA:32,4
DA:33,6
DA:35,2
DA:37,2
DA:38,2
DA:42,2
DA:43,2
DA:44,2
DA:45,2
DA:48,2
DA:49,8
DA:54,6
DA:55,2
DA:76,1
DA:77,3
DA:78,2
DA:79,3
DA:81,4
DA:82,2
DA:83,2
DA:84,2
DA:87,0
DA:88,0
DA:92,2
DA:93,6
DA:94,3
DA:95,2
DA:97,2
DA:98,4
LF:38
LH:36
end_of_record
SF:lib\presenter\pages\convert_ currency\widgets\container_info_balance_amount.dart
DA:8,10
DA:14,2
DA:16,4
DA:17,2
DA:20,2
DA:22,2
DA:23,2
DA:24,4
DA:30,2
DA:31,14
LF:10
LH:10
end_of_record
SF:lib\presenter\pages\convert_ currency\widgets\page_title.dart
DA:6,10
DA:12,2
DA:14,2
DA:16,2
DA:17,2
DA:18,2
DA:19,8
DA:20,2
DA:22,4
LF:9
LH:9
end_of_record
SF:lib\presenter\pages\convert_ currency\widgets\row_picker_cryptos.dart
DA:11,4
DA:15,2
DA:17,4
DA:18,4
DA:19,2
DA:21,2
DA:23,2
DA:24,2
DA:25,2
DA:26,2
DA:27,2
DA:29,4
DA:30,2
DA:31,2
DA:32,2
DA:33,2
LF:16
LH:16
end_of_record
SF:lib\presenter\pages\convert_ currency\widgets\bottom_sheet_select_crypto.dart
DA:14,1
DA:18,1
DA:23,1
DA:25,1
DA:26,4
DA:27,1
DA:29,1
DA:30,1
DA:32,1
DA:33,2
DA:44,1
DA:45,1
DA:46,3
DA:47,1
DA:53,1
DA:54,4
DA:55,1
DA:56,1
DA:57,2
DA:59,1
DA:60,1
DA:65,1
DA:66,7
DA:68,3
DA:69,1
DA:70,2
DA:71,2
DA:72,2
DA:74,1
LF:29
LH:29
end_of_record
SF:lib\presenter\pages\convert_ currency\widgets\button_select_currency.dart
DA:10,2
DA:15,2
DA:21,2
DA:23,2
DA:25,2
DA:29,2
DA:31,1
DA:32,1
DA:35,1
DA:36,1
DA:37,1
DA:38,1
DA:43,2
DA:44,2
DA:45,2
DA:48,2
DA:49,4
DA:50,2
DA:53,2
DA:54,6
LF:20
LH:20
end_of_record
SF:lib\presenter\pages\convert_ currency\widgets\button_swap_cryptos.dart
DA:11,2
DA:14,2
DA:18,2
DA:20,4
DA:21,4
DA:22,2
DA:23,1
DA:24,3
DA:26,0
DA:27,0
DA:28,0
DA:29,0
DA:30,0
DA:31,0
DA:32,0
DA:36,2
DA:37,4
LF:17
LH:10
end_of_record
SF:lib\presenter\pages\crypto_info\crypto_info_page.dart
DA:8,4
DA:12,2
DA:14,2
DA:19,2
DA:20,2
LF:5
LH:5
end_of_record
SF:lib\presenter\pages\crypto_info\widgets\body_info_page.dart
DA:17,2
DA:20,2
DA:24,2
DA:26,2
DA:27,4
DA:28,4
DA:29,4
DA:31,2
DA:32,2
DA:34,2
DA:35,2
DA:36,2
DA:37,2
DA:43,4
DA:46,2
DA:47,2
DA:48,2
DA:49,4
DA:50,2
DA:51,2
DA:52,2
DA:58,2
DA:59,2
DA:60,2
DA:61,2
DA:62,2
DA:65,2
DA:66,2
DA:68,14
DA:72,2
DA:73,2
DA:74,2
DA:75,4
DA:76,2
DA:77,4
DA:80,2
LF:36
LH:36
end_of_record
SF:lib\presenter\pages\crypto_info\widgets\button_convert_currency.dart
DA:8,2
DA:11,2
DA:15,2
DA:17,2
DA:19,2
DA:21,1
DA:22,1
DA:25,1
DA:26,1
DA:33,4
DA:34,2
DA:35,4
LF:12
LH:12
end_of_record
SF:lib\presenter\pages\crypto_info\widgets\crypto_info_chart.dart
DA:21,2
DA:24,2
DA:29,2
DA:30,4
DA:31,4
DA:32,2
DA:33,2
DA:34,4
DA:36,2
DA:37,4
DA:44,2
DA:47,14
DA:48,6
DA:49,6
DA:51,2
DA:52,6
DA:54,2
DA:55,2
DA:56,4
DA:57,2
DA:59,2
DA:61,2
DA:62,2
DA:63,2
DA:71,2
DA:73,0
DA:74,0
DA:75,0
DA:76,0
DA:77,0
DA:78,0
DA:79,0
DA:80,0
DA:83,0
DA:84,0
DA:86,0
DA:87,0
DA:91,0
DA:92,0
DA:93,0
DA:96,2
DA:97,2
DA:98,0
DA:99,0
DA:102,0
DA:104,0
DA:105,0
DA:106,0
DA:113,2
DA:115,0
DA:116,2
DA:118,0
DA:119,0
DA:120,0
DA:121,0
DA:122,0
DA:123,0
DA:124,0
DA:125,0
DA:128,0
DA:129,0
DA:130,0
DA:131,0
DA:145,2
DA:146,2
DA:147,8
DA:150,2
DA:155,2
DA:157,2
DA:159,2
DA:165,2
DA:169,2
DA:170,2
DA:174,2
DA:175,2
DA:180,2
DA:190,0
DA:191,0
DA:192,0
DA:195,4
DA:196,2
DA:197,2
DA:199,2
DA:200,2
DA:202,2
LF:85
LH:48
end_of_record
SF:lib\presenter\pages\crypto_info\widgets\row_crypto_infos.dart
DA:6,2
DA:9,2
DA:13,2
DA:15,2
DA:21,2
DA:23,2
DA:24,2
DA:26,2
DA:27,2
DA:28,6
DA:34,2
DA:35,8
DA:43,2
DA:45,2
DA:46,6
DA:47,2
LF:16
LH:16
end_of_record
SF:lib\presenter\pages\crypto_info\widgets\row_crypto_monetary_info.dart
DA:6,3
DA:11,2
DA:17,2
DA:19,4
DA:20,2
DA:22,2
DA:24,2
DA:25,2
DA:26,2
DA:32,2
DA:33,2
DA:34,8
DA:36,2
DA:37,2
DA:38,2
DA:42,2
DA:43,2
DA:44,2
DA:46,2
LF:19
LH:19
end_of_record
SF:lib\presenter\pages\crypto_info\widgets\buttons_change_days_chart.dart
DA:7,10
DA:13,2
DA:15,2
DA:17,6
DA:19,2
DA:21,2
DA:22,2
DA:23,2
DA:24,0
DA:25,0
DA:27,2
DA:33,2
DA:34,4
DA:35,2
DA:37,2
DA:40,2
DA:41,4
DA:42,2
DA:44,4
LF:19
LH:17
end_of_record
SF:lib\presenter\pages\crypto_info\widgets\title_crypto_price.dart
DA:12,10
DA:18,2
DA:20,6
DA:21,4
DA:23,2
DA:25,2
DA:26,2
DA:27,2
DA:28,2
DA:29,8
DA:31,2
DA:32,2
DA:33,2
DA:37,2
DA:38,2
DA:39,4
DA:40,6
DA:41,2
DA:42,2
DA:43,4
LF:20
LH:20
end_of_record
SF:lib\shared\controllers\visibility_provider.dart
DA:3,12
LF:1
LH:1
end_of_record
SF:lib\presenter\pages\portfolio\portfolio_page.dart
DA:7,10
DA:11,2
LF:2
LH:2
end_of_record
SF:lib\shared\widgets\bottom_navigation_bar_app.dart
DA:8,19
DA:14,3
DA:16,9
DA:17,3
DA:19,3
DA:20,3
DA:21,1
DA:23,1
DA:24,1
DA:26,1
DA:27,1
DA:30,1
DA:38,3
DA:39,3
DA:40,3
DA:41,6
DA:43,3
DA:44,3
DA:45,6
DA:48,3
DA:49,3
DA:50,6
DA:52,3
DA:53,3
DA:54,6
LF:25
LH:25
end_of_record
SF:lib\presenter\pages\portfolio\widgets\body_portifolio_page.dart
DA:7,10
DA:9,0
DA:11,2
DA:13,2
DA:14,2
DA:16,2
LF:6
LH:5
end_of_record
SF:lib\presenter\pages\portfolio\widgets\list_view_cryptos.dart
DA:13,10
DA:15,0
DA:17,2
DA:19,2
DA:20,8
DA:22,2
DA:23,4
DA:27,4
DA:28,2
DA:33,2
DA:34,4
DA:35,2
DA:38,0
DA:39,0
DA:40,0
DA:42,2
LF:16
LH:12
end_of_record
SF:lib\presenter\pages\portfolio\widgets\top_portfolio_page.dart
DA:8,10
DA:10,0
DA:12,2
DA:14,2
DA:15,2
DA:17,2
DA:19,2
DA:20,2
DA:22,2
DA:24,2
DA:25,2
DA:26,2
DA:39,2
DA:40,2
DA:41,2
DA:42,2
LF:16
LH:15
end_of_record
SF:lib\presenter\pages\portfolio\widgets\crypto_infos_in_tile.dart
DA:6,2
DA:9,2
DA:13,2
DA:15,2
DA:16,2
DA:17,2
DA:19,10
DA:22,2
DA:24,2
DA:26,2
DA:27,2
DA:28,8
DA:34,2
DA:35,6
DA:36,2
DA:38,2
LF:16
LH:16
end_of_record
SF:lib\presenter\pages\portfolio\widgets\icon_arrow_right.dart
DA:4,9
DA:6,0
DA:8,2
DA:10,2
DA:13,2
LF:5
LH:4
end_of_record
SF:lib\presenter\pages\portfolio\widgets\list_tile_crypto.dart
DA:11,2
DA:14,2
DA:18,2
DA:20,2
DA:21,1
DA:22,4
DA:23,3
DA:24,1
DA:27,2
DA:30,2
DA:32,2
DA:34,2
DA:35,4
DA:36,4
LF:14
LH:14
end_of_record
SF:lib\presenter\pages\portfolio\widgets\monetary_infos_crypto_in_tile.dart
DA:11,2
DA:14,2
DA:18,2
DA:20,4
DA:22,2
DA:23,2
DA:24,2
DA:26,2
DA:27,2
DA:29,2
DA:30,8
DA:32,2
DA:33,2
DA:34,2
DA:37,2
DA:38,2
DA:39,4
DA:40,2
DA:41,6
DA:49,2
DA:51,2
DA:52,8
DA:54,2
DA:55,2
DA:56,2
DA:59,2
DA:60,4
DA:61,6
DA:62,10
DA:63,2
DA:65,2
LF:31
LH:31
end_of_record
SF:lib\presenter\pages\portfolio\widgets\loading_list_view_crypto.dart
DA:5,9
DA:7,0
DA:9,2
DA:11,2
DA:15,2
DA:20,2
DA:21,2
DA:23,2
DA:25,2
DA:26,2
DA:27,2
DA:28,2
DA:29,2
DA:30,2
DA:36,2
DA:38,2
DA:40,2
DA:41,2
DA:42,2
DA:43,2
DA:44,2
DA:45,2
DA:47,2
DA:50,8
DA:54,2
DA:55,2
DA:56,2
DA:57,2
DA:58,2
DA:60,2
DA:63,8
DA:71,2
DA:72,2
DA:73,2
DA:75,2
DA:76,2
DA:77,2
DA:78,2
DA:79,2
DA:80,2
DA:82,2
DA:85,8
DA:89,2
DA:90,2
DA:91,2
DA:92,2
DA:93,2
DA:95,2
DA:98,8
LF:49
LH:48
end_of_record
SF:lib\shared\widgets\button_change_visibility.dart
DA:7,19
DA:13,3
DA:15,9
DA:16,3
DA:17,3
DA:18,3
LF:6
LH:6
end_of_record
SF:lib\presenter\pages\portfolio\widgets\total_wallet_value.dart
DA:11,9
DA:13,0
DA:15,2
DA:17,2
DA:18,8
DA:19,4
DA:21,2
DA:23,2
DA:24,8
DA:26,2
DA:27,2
DA:28,2
DA:31,2
DA:32,2
DA:33,2
DA:34,2
DA:35,4
DA:37,2
DA:38,4
DA:46,0
DA:47,4
DA:48,2
DA:49,2
DA:50,2
DA:51,2
DA:53,2
DA:56,8
LF:27
LH:25
end_of_record
SF:lib\presenter\pages\transactions\transactions_page.dart
DA:7,10
DA:10,2
LF:2
LH:2
end_of_record
SF:lib\presenter\pages\transactions\widgets\body_transactions_page.dart
DA:6,10
DA:12,2
DA:14,2
DA:16,2
DA:17,2
DA:19,2
DA:20,4
LF:7
LH:7
end_of_record
SF:lib\presenter\pages\transactions\widgets\list_view_transacitons.dart
DA:9,10
DA:11,2
DA:13,6
DA:15,2
DA:16,4
DA:17,0
DA:24,0
DA:25,0
DA:26,0
LF:9
LH:5
end_of_record
SF:lib\presenter\pages\transactions\widgets\list_tile_transactions.dart
DA:7,1
DA:10,1
DA:13,1
DA:15,1
DA:16,1
DA:17,7
DA:23,1
DA:24,5
DA:30,1
DA:32,1
DA:33,1
DA:34,13
DA:35,0
DA:37,5
DA:42,1
DA:43,1
DA:46,1
DA:47,5
DA:48,3
DA:49,1
LF:20
LH:19
end_of_record
SF:lib\shared\controllers\page_provider.dart
DA:3,12
LF:1
LH:1
end_of_record
